2025-08-31 20:58:09,932 - INFO -    - Agents: 6
2025-08-31 20:58:09,932 - INFO -    - Performance Boost: 410x
2025-08-31 20:58:09,932 - INFO -    - Expected ROI: 800-1500%
2025-08-31 20:59:10,108 - INFO -    - Agents: 19
2025-08-31 20:59:10,108 - INFO -    - Performance Boost: 410x
2025-08-31 20:59:10,108 - INFO -    - Expected ROI: 800-1500%
2025-08-31 21:01:55,995 - INFO -    - Agents: 57
2025-08-31 21:01:55,996 - INFO -    - Performance Boost: 410x
2025-08-31 21:01:55,996 - INFO -    - Expected ROI: 800-1500%
2025-08-31 21:08:05,361 - INFO -    - Agents: 126
2025-08-31 21:08:05,361 - INFO -    - Performance Boost: 410x
2025-08-31 21:08:05,362 - INFO -    - Expected ROI: 800-1500%
2025-08-31 21:08:05,364 - INFO - ==================================================
2025-08-31 21:08:05,364 - INFO - Total Agents Deployed: 208
2025-08-31 21:08:05,364 - INFO - Hyperion Scaling Packages: 4
2025-08-31 21:08:05,364 - INFO - Dynex Quantum Optimizations: 4
2025-08-31 21:08:05,364 - INFO - SigmaEQ Scores Generated: 4
2025-08-31 21:08:05,364 - INFO - Expected Conversion Rate: 24.7%
2025-08-31 21:08:05,364 - INFO - Expected ROI: 800%
2025-08-31 21:08:05,364 - INFO - Performance Boost: 410x
2025-08-31 22:03:45,811 - INFO -    - Agents: 6
2025-08-31 22:03:45,811 - INFO -    - Performance Boost: 410x
2025-08-31 22:03:45,811 - INFO -    - Expected ROI: 800-1500%
2025-08-31 22:04:45,945 - INFO -    - Agents: 19
2025-08-31 22:04:45,945 - INFO -    - Performance Boost: 410x
2025-08-31 22:04:45,945 - INFO -    - Expected ROI: 800-1500%
2025-08-31 22:07:31,769 - INFO -    - Agents: 57
2025-08-31 22:07:31,769 - INFO -    - Performance Boost: 410x
2025-08-31 22:07:31,769 - INFO -    - Expected ROI: 800-1500%
2025-08-31 22:09:16,928 - INFO -    - Agents: 6
2025-08-31 22:09:16,929 - INFO -    - Performance Boost: 410x
2025-08-31 22:09:16,929 - INFO -    - Expected ROI: 800-1500%
2025-08-31 22:10:17,022 - INFO -    - Agents: 19
2025-08-31 22:10:17,022 - INFO -    - Performance Boost: 410x
2025-08-31 22:10:17,022 - INFO -    - Expected ROI: 800-1500%
2025-08-31 22:13:02,815 - INFO -    - Agents: 57
2025-08-31 22:13:02,816 - INFO -    - Performance Boost: 410x
2025-08-31 22:13:02,816 - INFO -    - Expected ROI: 800-1500%
2025-08-31 22:19:11,977 - INFO -    - Agents: 126
2025-08-31 22:19:11,977 - INFO -    - Performance Boost: 410x
2025-08-31 22:19:11,977 - INFO -    - Expected ROI: 800-1500%
2025-08-31 22:19:11,978 - INFO - ==================================================
2025-08-31 22:19:11,978 - INFO - Total Agents Deployed: 208
2025-08-31 22:19:11,978 - INFO - Hyperion Scaling Packages: 4
2025-08-31 22:19:11,979 - INFO - Dynex Quantum Optimizations: 4
2025-08-31 22:19:11,979 - INFO - SigmaEQ Scores Generated: 4
2025-08-31 22:19:11,979 - INFO - Expected Conversion Rate: 24.7%
2025-08-31 22:19:11,979 - INFO - Expected ROI: 800%
2025-08-31 22:19:11,979 - INFO - Performance Boost: 410x
2025-08-31 22:27:42,823 - INFO -    - Agents: 6
2025-08-31 22:27:42,823 - INFO -    - Performance Boost: 410x
2025-08-31 22:27:42,824 - INFO -    - Expected ROI: 800-1500%
2025-08-31 22:28:42,922 - INFO -    - Agents: 19
2025-08-31 22:28:42,922 - INFO -    - Performance Boost: 410x
2025-08-31 22:28:42,922 - INFO -    - Expected ROI: 800-1500%
2025-08-31 22:31:28,794 - INFO -    - Agents: 57
2025-08-31 22:31:28,794 - INFO -    - Performance Boost: 410x
2025-08-31 22:31:28,794 - INFO -    - Expected ROI: 800-1500%
